<?xml version="1.0" encoding="UTF-8"?>
<!-- Generated by org.testng.reporters.JUnitReportReporter -->
<testsuite skipped="0" hostname="HAP-131" name="com.seleniumfeatures.Features1" tests="1" failures="0" timestamp="2020-06-16T21:29:41 IST" time="7.823" errors="0">
  <testcase name="getHeightWidthXYcordinates" time="7.823" classname="com.seleniumfeatures.Features1"/>
  <system-out/>
</testsuite> <!-- com.seleniumfeatures.Features1 -->
